2016-10-30 04:22:37,278 - SimpleLog4JLogSystem initialized using logfile 'velocity.log'
2016-10-30 04:22:37,278 - Initializing Velocity, Calling init()...
2016-10-30 04:22:37,278 - *******************************************************************
2016-10-30 04:22:37,278 - Starting Apache Velocity v1.7 (compiled: 2010-11-19 12:14:37)
2016-10-30 04:22:37,278 - RuntimeInstance initializing.
2016-10-30 04:22:37,278 - Default Properties File: org\apache\velocity\runtime\defaults\velocity.properties
2016-10-30 04:22:37,278 - Trying to use logger class org.apache.velocity.runtime.log.SimpleLog4JLogSystem
2016-10-30 04:22:37,278 - LogSystem has been deprecated. Please use a LogChute implementation.
2016-10-30 04:22:37,279 - Default ResourceManager initializing. (class org.apache.velocity.runtime.resource.ResourceManagerImpl)
2016-10-30 04:22:37,280 - ResourceLoader instantiated: org.apache.velocity.runtime.resource.loader.FileResourceLoader
2016-10-30 04:22:37,284 - FileResourceLoader : initialization starting.
2016-10-30 04:22:37,284 - Do unicode file recognition:  false
2016-10-30 04:22:37,300 - FileResourceLoader : adding path '.'
2016-10-30 04:22:37,300 - FileResourceLoader : initialization complete.
2016-10-30 04:22:37,315 - ResourceCache: initialized (class org.apache.velocity.runtime.resource.ResourceCacheImpl) with class java.util.Collections$SynchronizedMap cache map.
2016-10-30 04:22:37,315 - Default ResourceManager initialization complete.
2016-10-30 04:22:37,315 - Loaded System Directive: org.apache.velocity.runtime.directive.Stop
2016-10-30 04:22:37,315 - Loaded System Directive: org.apache.velocity.runtime.directive.Define
2016-10-30 04:22:37,331 - Loaded System Directive: org.apache.velocity.runtime.directive.Break
2016-10-30 04:22:37,331 - Loaded System Directive: org.apache.velocity.runtime.directive.Evaluate
2016-10-30 04:22:37,331 - Loaded System Directive: org.apache.velocity.runtime.directive.Literal
2016-10-30 04:22:37,331 - Loaded System Directive: org.apache.velocity.runtime.directive.Macro
2016-10-30 04:22:37,331 - Loaded System Directive: org.apache.velocity.runtime.directive.Parse
2016-10-30 04:22:37,347 - Loaded System Directive: org.apache.velocity.runtime.directive.Include
2016-10-30 04:22:37,347 - Loaded System Directive: org.apache.velocity.runtime.directive.Foreach
2016-10-30 04:22:37,379 - Created '20' parsers.
2016-10-30 04:22:37,431 - Velocimacro : initialization starting.
2016-10-30 04:22:37,431 - Velocimacro : "velocimacro.library" is not set.  Trying default library: VM_global_library.vm
2016-10-30 04:22:37,431 - Velocimacro : Default library not found.
2016-10-30 04:22:37,431 - Velocimacro : allowInline = true : VMs can be defined inline in templates
2016-10-30 04:22:37,431 - Velocimacro : allowInlineToOverride = false : VMs defined inline may NOT replace previous VM definitions
2016-10-30 04:22:37,431 - Velocimacro : allowInlineLocal = false : VMs defined inline will be global in scope if allowed.
2016-10-30 04:22:37,431 - Velocimacro : autoload off : VM system will not automatically reload global library macros
2016-10-30 04:22:37,431 - Velocimacro : Velocimacro : initialization complete.
2016-10-30 04:22:37,431 - RuntimeInstance successfully initialized.
2016-10-30 04:22:37,431 - Velocity Engine Initialized
2016-10-30 04:22:37,493 - Velocimacro : added VM common: source=WorkOrderRulesService
2016-10-30 04:22:37,499 - Velocimacro : added VM when: source=WorkOrderRulesService
2016-10-30 04:22:37,499 - Velocimacro : added VM intoMaintenanceIgnoreIfInMaint: source=WorkOrderRulesService
2016-10-30 04:22:37,499 - Velocimacro : added VM outOfMaintenanceIgnoreIfNotMaintOrOpenOrdersExist: source=WorkOrderRulesService
2016-10-30 04:40:33,819 - SimpleLog4JLogSystem initialized using logfile 'velocity.log'
2016-10-30 04:40:33,819 - Initializing Velocity, Calling init()...
2016-10-30 04:40:33,819 - *******************************************************************
2016-10-30 04:40:33,819 - Starting Apache Velocity v1.7 (compiled: 2010-11-19 12:14:37)
2016-10-30 04:40:33,819 - RuntimeInstance initializing.
2016-10-30 04:40:33,819 - Default Properties File: org\apache\velocity\runtime\defaults\velocity.properties
2016-10-30 04:40:33,819 - Trying to use logger class org.apache.velocity.runtime.log.SimpleLog4JLogSystem
2016-10-30 04:40:33,819 - LogSystem has been deprecated. Please use a LogChute implementation.
2016-10-30 04:40:33,831 - Default ResourceManager initializing. (class org.apache.velocity.runtime.resource.ResourceManagerImpl)
2016-10-30 04:40:33,870 - ResourceLoader instantiated: org.apache.velocity.runtime.resource.loader.FileResourceLoader
2016-10-30 04:40:33,870 - FileResourceLoader : initialization starting.
2016-10-30 04:40:33,870 - Do unicode file recognition:  false
2016-10-30 04:40:33,870 - FileResourceLoader : adding path '.'
2016-10-30 04:40:33,870 - FileResourceLoader : initialization complete.
2016-10-30 04:40:33,885 - ResourceCache: initialized (class org.apache.velocity.runtime.resource.ResourceCacheImpl) with class java.util.Collections$SynchronizedMap cache map.
2016-10-30 04:40:33,885 - Default ResourceManager initialization complete.
2016-10-30 04:40:33,885 - Loaded System Directive: org.apache.velocity.runtime.directive.Stop
2016-10-30 04:40:33,901 - Loaded System Directive: org.apache.velocity.runtime.directive.Define
2016-10-30 04:40:33,901 - Loaded System Directive: org.apache.velocity.runtime.directive.Break
2016-10-30 04:40:33,901 - Loaded System Directive: org.apache.velocity.runtime.directive.Evaluate
2016-10-30 04:40:33,901 - Loaded System Directive: org.apache.velocity.runtime.directive.Literal
2016-10-30 04:40:33,917 - Loaded System Directive: org.apache.velocity.runtime.directive.Macro
2016-10-30 04:40:33,917 - Loaded System Directive: org.apache.velocity.runtime.directive.Parse
2016-10-30 04:40:33,917 - Loaded System Directive: org.apache.velocity.runtime.directive.Include
2016-10-30 04:40:33,918 - Loaded System Directive: org.apache.velocity.runtime.directive.Foreach
2016-10-30 04:40:34,969 - Created '20' parsers.
2016-10-30 04:40:36,118 - Velocimacro : initialization starting.
2016-10-30 04:40:36,118 - Velocimacro : "velocimacro.library" is not set.  Trying default library: VM_global_library.vm
2016-10-30 04:40:36,186 - Velocimacro : Default library not found.
2016-10-30 04:40:36,186 - Velocimacro : allowInline = true : VMs can be defined inline in templates
2016-10-30 04:40:36,186 - Velocimacro : allowInlineToOverride = false : VMs defined inline may NOT replace previous VM definitions
2016-10-30 04:40:36,186 - Velocimacro : allowInlineLocal = false : VMs defined inline will be global in scope if allowed.
2016-10-30 04:40:36,485 - Velocimacro : autoload off : VM system will not automatically reload global library macros
2016-10-30 04:40:36,485 - Velocimacro : Velocimacro : initialization complete.
2016-10-30 04:40:36,485 - RuntimeInstance successfully initialized.
2016-10-30 04:40:36,485 - Velocity Engine Initialized
2016-10-30 04:40:50,413 - Velocimacro : added VM common: source=WorkOrderRulesService
2016-10-30 04:40:50,413 - Velocimacro : added VM when: source=WorkOrderRulesService
2016-10-30 04:40:50,413 - Velocimacro : added VM intoMaintenanceIgnoreIfInMaint: source=WorkOrderRulesService
2016-10-30 04:40:50,413 - Velocimacro : added VM outOfMaintenanceIgnoreIfNotMaintOrOpenOrdersExist: source=WorkOrderRulesService
2016-10-30 04:40:50,435 - Left side ($r.changeLocationType) of '==' operation has null value. If it is a reference, it may not be in the context or its toString() returned null. WorkOrderRulesService[line 238, column 28]
2016-10-30 04:40:50,435 - Left side ($r.changeSubLocationType) of '==' operation has null value. If it is a reference, it may not be in the context or its toString() returned null. WorkOrderRulesService[line 267, column 31]
2016-10-30 04:40:50,435 - Left side ($r.changeConditionType) of '==' operation has null value. If it is a reference, it may not be in the context or its toString() returned null. WorkOrderRulesService[line 294, column 29]
2016-10-30 04:40:50,435 - Left side ($r.reconfigureType) of '==' operation has null value. If it is a reference, it may not be in the context or its toString() returned null. WorkOrderRulesService[line 321, column 25]
2016-10-30 04:40:50,435 - Left side ($r.intoMaintenanceType) of '==' operation has null value. If it is a reference, it may not be in the context or its toString() returned null. WorkOrderRulesService[line 352, column 29]
2016-10-30 04:40:50,435 - Left side ($r.outOfMaintenanceType) of '==' operation has null value. If it is a reference, it may not be in the context or its toString() returned null. WorkOrderRulesService[line 373, column 30]
2016-10-30 04:40:50,436 - Left side ($r.changeConditionType) of '==' operation has null value. If it is a reference, it may not be in the context or its toString() returned null. WorkOrderRulesService[line 493, column 29]
2016-10-30 04:40:50,436 - Left side ($r.changeSubLocationType) of '==' operation has null value. If it is a reference, it may not be in the context or its toString() returned null. WorkOrderRulesService[line 493, column 64]
2016-10-30 04:40:50,436 - Left side ($r.changeSubLocationType) of '==' operation has null value. If it is a reference, it may not be in the context or its toString() returned null. WorkOrderRulesService[line 493, column 99]
2016-10-30 04:40:50,436 - Left side ($r.changeLocationType) of '==' operation has null value. If it is a reference, it may not be in the context or its toString() returned null. WorkOrderRulesService[line 493, column 135]
2016-10-30 04:40:50,436 - Left side ($r.changeLocationType) of '==' operation has null value. If it is a reference, it may not be in the context or its toString() returned null. WorkOrderRulesService[line 493, column 167]
2016-10-30 04:40:50,436 - Left side ($r.changeLocationType) of '==' operation has null value. If it is a reference, it may not be in the context or its toString() returned null. WorkOrderRulesService[line 493, column 198]
2016-10-30 04:40:50,436 - Left side ($r.reconfigureType) of '==' operation has null value. If it is a reference, it may not be in the context or its toString() returned null. WorkOrderRulesService[line 493, column 228]
2016-10-30 04:40:50,467 - Left side ($r.outOfMaintenanceType) of '==' operation has null value. If it is a reference, it may not be in the context or its toString() returned null. WorkOrderRulesService[line 590, column 30]
2016-10-30 04:40:50,467 - Left side ($r.whenWorkTypes) of '!=' operation has null value. If it is a reference, it may not be in the context or its toString() returned null. WorkOrderRulesService[line 18, column 24]
2016-10-30 04:40:50,467 - Left side ($r.whenSegCodes) of '!=' operation has null value. If it is a reference, it may not be in the context or its toString() returned null. WorkOrderRulesService[line 28, column 23]
2016-10-30 04:40:50,467 - Left side ($r.whenWorkTypes) of '!=' operation has null value. If it is a reference, it may not be in the context or its toString() returned null. WorkOrderRulesService[line 56, column 68]
2016-10-30 05:24:18,361 - SimpleLog4JLogSystem initialized using logfile 'velocity.log'
2016-10-30 05:24:18,362 - Initializing Velocity, Calling init()...
2016-10-30 05:24:18,362 - *******************************************************************
2016-10-30 05:24:18,362 - Starting Apache Velocity v1.7 (compiled: 2010-11-19 12:14:37)
2016-10-30 05:24:18,362 - RuntimeInstance initializing.
2016-10-30 05:24:18,362 - Default Properties File: org\apache\velocity\runtime\defaults\velocity.properties
2016-10-30 05:24:18,362 - Trying to use logger class org.apache.velocity.runtime.log.SimpleLog4JLogSystem
2016-10-30 05:24:18,362 - LogSystem has been deprecated. Please use a LogChute implementation.
2016-10-30 05:24:18,362 - Default ResourceManager initializing. (class org.apache.velocity.runtime.resource.ResourceManagerImpl)
2016-10-30 05:24:18,362 - ResourceLoader instantiated: org.apache.velocity.runtime.resource.loader.FileResourceLoader
2016-10-30 05:24:18,362 - FileResourceLoader : initialization starting.
2016-10-30 05:24:18,362 - Do unicode file recognition:  false
2016-10-30 05:24:18,362 - FileResourceLoader : adding path '.'
2016-10-30 05:24:18,362 - FileResourceLoader : initialization complete.
2016-10-30 05:24:18,362 - ResourceCache: initialized (class org.apache.velocity.runtime.resource.ResourceCacheImpl) with class java.util.Collections$SynchronizedMap cache map.
2016-10-30 05:24:18,362 - Default ResourceManager initialization complete.
2016-10-30 05:24:18,362 - Loaded System Directive: org.apache.velocity.runtime.directive.Stop
2016-10-30 05:24:18,363 - Loaded System Directive: org.apache.velocity.runtime.directive.Define
2016-10-30 05:24:18,363 - Loaded System Directive: org.apache.velocity.runtime.directive.Break
2016-10-30 05:24:18,363 - Loaded System Directive: org.apache.velocity.runtime.directive.Evaluate
2016-10-30 05:24:18,363 - Loaded System Directive: org.apache.velocity.runtime.directive.Literal
2016-10-30 05:24:18,363 - Loaded System Directive: org.apache.velocity.runtime.directive.Macro
2016-10-30 05:24:18,363 - Loaded System Directive: org.apache.velocity.runtime.directive.Parse
2016-10-30 05:24:18,363 - Loaded System Directive: org.apache.velocity.runtime.directive.Include
2016-10-30 05:24:18,363 - Loaded System Directive: org.apache.velocity.runtime.directive.Foreach
2016-10-30 05:24:18,364 - Created '20' parsers.
2016-10-30 05:24:18,364 - Velocimacro : initialization starting.
2016-10-30 05:24:18,364 - Velocimacro : "velocimacro.library" is not set.  Trying default library: VM_global_library.vm
2016-10-30 05:24:18,364 - Velocimacro : Default library not found.
2016-10-30 05:24:18,364 - Velocimacro : allowInline = true : VMs can be defined inline in templates
2016-10-30 05:24:18,364 - Velocimacro : allowInlineToOverride = false : VMs defined inline may NOT replace previous VM definitions
2016-10-30 05:24:18,364 - Velocimacro : allowInlineLocal = false : VMs defined inline will be global in scope if allowed.
2016-10-30 05:24:18,364 - Velocimacro : autoload off : VM system will not automatically reload global library macros
2016-10-30 05:24:18,364 - Velocimacro : Velocimacro : initialization complete.
2016-10-30 05:24:18,364 - RuntimeInstance successfully initialized.
2016-10-30 05:24:18,364 - Velocity Engine Initialized
2016-10-30 05:24:18,382 - Velocimacro : added VM common: source=WorkOrderRulesService
2016-10-30 05:24:18,385 - Velocimacro : added VM when: source=WorkOrderRulesService
2016-10-30 05:24:18,385 - Velocimacro : added VM intoMaintenanceIgnoreIfInMaint: source=WorkOrderRulesService
2016-10-30 05:24:18,385 - Velocimacro : added VM outOfMaintenanceIgnoreIfNotMaintOrOpenOrdersExist: source=WorkOrderRulesService
2016-10-30 05:24:18,388 - Left side ($r.whenWorkTypes) of '!=' operation has null value. If it is a reference, it may not be in the context or its toString() returned null. WorkOrderRulesService[line 18, column 24]
2016-10-30 05:24:18,388 - Left side ($r.whenSegCodes) of '!=' operation has null value. If it is a reference, it may not be in the context or its toString() returned null. WorkOrderRulesService[line 28, column 23]
2016-10-30 05:24:18,388 - Left side ($r.whenWorkTypes) of '!=' operation has null value. If it is a reference, it may not be in the context or its toString() returned null. WorkOrderRulesService[line 56, column 68]
2016-10-30 05:24:18,388 - Left side ($r.changeSubLocationType) of '==' operation has null value. If it is a reference, it may not be in the context or its toString() returned null. WorkOrderRulesService[line 267, column 31]
2016-10-30 05:24:18,388 - Left side ($r.changeConditionType) of '==' operation has null value. If it is a reference, it may not be in the context or its toString() returned null. WorkOrderRulesService[line 294, column 29]
2016-10-30 05:24:18,388 - Left side ($r.reconfigureType) of '==' operation has null value. If it is a reference, it may not be in the context or its toString() returned null. WorkOrderRulesService[line 321, column 25]
2016-10-30 05:24:18,388 - Left side ($r.intoMaintenanceType) of '==' operation has null value. If it is a reference, it may not be in the context or its toString() returned null. WorkOrderRulesService[line 352, column 29]
2016-10-30 05:24:18,388 - Left side ($r.outOfMaintenanceType) of '==' operation has null value. If it is a reference, it may not be in the context or its toString() returned null. WorkOrderRulesService[line 373, column 30]
2016-10-30 05:24:18,388 - Left side ($r.changeConditionType) of '==' operation has null value. If it is a reference, it may not be in the context or its toString() returned null. WorkOrderRulesService[line 493, column 29]
2016-10-30 05:24:18,388 - Left side ($r.changeSubLocationType) of '==' operation has null value. If it is a reference, it may not be in the context or its toString() returned null. WorkOrderRulesService[line 493, column 64]
2016-10-30 05:24:18,388 - Left side ($r.changeSubLocationType) of '==' operation has null value. If it is a reference, it may not be in the context or its toString() returned null. WorkOrderRulesService[line 493, column 99]
2016-10-30 05:24:18,389 - Left side ($r.reconfigureType) of '==' operation has null value. If it is a reference, it may not be in the context or its toString() returned null. WorkOrderRulesService[line 493, column 228]
2016-10-30 05:24:18,389 - Left side ($r.outOfMaintenanceType) of '==' operation has null value. If it is a reference, it may not be in the context or its toString() returned null. WorkOrderRulesService[line 590, column 30]
2016-10-30 05:25:40,545 - SimpleLog4JLogSystem initialized using logfile 'velocity.log'
2016-10-30 05:25:40,545 - Initializing Velocity, Calling init()...
2016-10-30 05:25:40,545 - *******************************************************************
2016-10-30 05:25:40,545 - Starting Apache Velocity v1.7 (compiled: 2010-11-19 12:14:37)
2016-10-30 05:25:40,545 - RuntimeInstance initializing.
2016-10-30 05:25:40,545 - Default Properties File: org\apache\velocity\runtime\defaults\velocity.properties
2016-10-30 05:25:40,545 - Trying to use logger class org.apache.velocity.runtime.log.SimpleLog4JLogSystem
2016-10-30 05:25:40,545 - LogSystem has been deprecated. Please use a LogChute implementation.
2016-10-30 05:25:40,545 - Default ResourceManager initializing. (class org.apache.velocity.runtime.resource.ResourceManagerImpl)
2016-10-30 05:25:40,545 - ResourceLoader instantiated: org.apache.velocity.runtime.resource.loader.FileResourceLoader
2016-10-30 05:25:40,545 - FileResourceLoader : initialization starting.
2016-10-30 05:25:40,545 - Do unicode file recognition:  false
2016-10-30 05:25:40,545 - FileResourceLoader : adding path '.'
2016-10-30 05:25:40,545 - FileResourceLoader : initialization complete.
2016-10-30 05:25:40,545 - ResourceCache: initialized (class org.apache.velocity.runtime.resource.ResourceCacheImpl) with class java.util.Collections$SynchronizedMap cache map.
2016-10-30 05:25:40,545 - Default ResourceManager initialization complete.
2016-10-30 05:25:40,545 - Loaded System Directive: org.apache.velocity.runtime.directive.Stop
2016-10-30 05:25:40,545 - Loaded System Directive: org.apache.velocity.runtime.directive.Define
2016-10-30 05:25:40,545 - Loaded System Directive: org.apache.velocity.runtime.directive.Break
2016-10-30 05:25:40,545 - Loaded System Directive: org.apache.velocity.runtime.directive.Evaluate
2016-10-30 05:25:40,545 - Loaded System Directive: org.apache.velocity.runtime.directive.Literal
2016-10-30 05:25:40,545 - Loaded System Directive: org.apache.velocity.runtime.directive.Macro
2016-10-30 05:25:40,545 - Loaded System Directive: org.apache.velocity.runtime.directive.Parse
2016-10-30 05:25:40,545 - Loaded System Directive: org.apache.velocity.runtime.directive.Include
2016-10-30 05:25:40,545 - Loaded System Directive: org.apache.velocity.runtime.directive.Foreach
2016-10-30 05:25:40,545 - Created '20' parsers.
2016-10-30 05:25:40,545 - Velocimacro : initialization starting.
2016-10-30 05:25:40,545 - Velocimacro : "velocimacro.library" is not set.  Trying default library: VM_global_library.vm
2016-10-30 05:25:40,545 - Velocimacro : Default library not found.
2016-10-30 05:25:40,545 - Velocimacro : allowInline = true : VMs can be defined inline in templates
2016-10-30 05:25:40,545 - Velocimacro : allowInlineToOverride = false : VMs defined inline may NOT replace previous VM definitions
2016-10-30 05:25:40,545 - Velocimacro : allowInlineLocal = false : VMs defined inline will be global in scope if allowed.
2016-10-30 05:25:40,545 - Velocimacro : autoload off : VM system will not automatically reload global library macros
2016-10-30 05:25:40,545 - Velocimacro : Velocimacro : initialization complete.
2016-10-30 05:25:40,545 - RuntimeInstance successfully initialized.
2016-10-30 05:25:40,545 - Velocity Engine Initialized
2016-10-30 05:25:40,561 - Velocimacro : added VM common: source=WorkOrderRulesService
2016-10-30 05:25:40,576 - Velocimacro : added VM when: source=WorkOrderRulesService
2016-10-30 05:25:40,576 - Velocimacro : added VM intoMaintenanceIgnoreIfInMaint: source=WorkOrderRulesService
2016-10-30 05:25:40,576 - Velocimacro : added VM outOfMaintenanceIgnoreIfNotMaintOrOpenOrdersExist: source=WorkOrderRulesService
2016-10-30 05:25:40,576 - Left side ($r.changeLocationType) of '==' operation has null value. If it is a reference, it may not be in the context or its toString() returned null. WorkOrderRulesService[line 238, column 28]
2016-10-30 05:25:40,576 - Left side ($r.changeSubLocationType) of '==' operation has null value. If it is a reference, it may not be in the context or its toString() returned null. WorkOrderRulesService[line 267, column 31]
2016-10-30 05:25:40,576 - Left side ($r.changeConditionType) of '==' operation has null value. If it is a reference, it may not be in the context or its toString() returned null. WorkOrderRulesService[line 294, column 29]
2016-10-30 05:25:40,576 - Left side ($r.reconfigureType) of '==' operation has null value. If it is a reference, it may not be in the context or its toString() returned null. WorkOrderRulesService[line 321, column 25]
2016-10-30 05:25:40,576 - Left side ($r.intoMaintenanceType) of '==' operation has null value. If it is a reference, it may not be in the context or its toString() returned null. WorkOrderRulesService[line 352, column 29]
2016-10-30 05:25:40,576 - Left side ($r.outOfMaintenanceType) of '==' operation has null value. If it is a reference, it may not be in the context or its toString() returned null. WorkOrderRulesService[line 373, column 30]
2016-10-30 05:25:40,576 - Left side ($r.changeConditionType) of '==' operation has null value. If it is a reference, it may not be in the context or its toString() returned null. WorkOrderRulesService[line 493, column 29]
2016-10-30 05:25:40,576 - Left side ($r.changeSubLocationType) of '==' operation has null value. If it is a reference, it may not be in the context or its toString() returned null. WorkOrderRulesService[line 493, column 64]
2016-10-30 05:25:40,576 - Left side ($r.changeSubLocationType) of '==' operation has null value. If it is a reference, it may not be in the context or its toString() returned null. WorkOrderRulesService[line 493, column 99]
2016-10-30 05:25:40,576 - Left side ($r.changeLocationType) of '==' operation has null value. If it is a reference, it may not be in the context or its toString() returned null. WorkOrderRulesService[line 493, column 135]
2016-10-30 05:25:40,576 - Left side ($r.changeLocationType) of '==' operation has null value. If it is a reference, it may not be in the context or its toString() returned null. WorkOrderRulesService[line 493, column 167]
2016-10-30 05:25:40,576 - Left side ($r.changeLocationType) of '==' operation has null value. If it is a reference, it may not be in the context or its toString() returned null. WorkOrderRulesService[line 493, column 198]
2016-10-30 05:25:40,576 - Left side ($r.reconfigureType) of '==' operation has null value. If it is a reference, it may not be in the context or its toString() returned null. WorkOrderRulesService[line 493, column 228]
2016-10-30 05:25:40,576 - Left side ($r.outOfMaintenanceType) of '==' operation has null value. If it is a reference, it may not be in the context or its toString() returned null. WorkOrderRulesService[line 590, column 30]
2016-10-30 05:25:40,576 - Left side ($r.whenWorkTypes) of '!=' operation has null value. If it is a reference, it may not be in the context or its toString() returned null. WorkOrderRulesService[line 18, column 24]
2016-10-30 05:25:40,576 - Left side ($r.whenSegCodes) of '!=' operation has null value. If it is a reference, it may not be in the context or its toString() returned null. WorkOrderRulesService[line 28, column 23]
2016-10-30 05:25:40,576 - Left side ($r.whenWorkTypes) of '!=' operation has null value. If it is a reference, it may not be in the context or its toString() returned null. WorkOrderRulesService[line 56, column 68]
